d:\git\maraton-framework-v3\prj\x64\debug\vc140.pdb
d:\git\maraton-framework-v3\prj\x64\debug\vc140.idb
d:\git\maraton-framework-v3\prj\x64\debug\asyncworker.obj
d:\git\maraton-framework-v3\prj\x64\debug\buffer.obj
d:\git\maraton-framework-v3\prj\x64\debug\circlebuffer.obj
d:\git\maraton-framework-v3\prj\x64\debug\configuration.obj
d:\git\maraton-framework-v3\prj\x64\debug\connector.obj
d:\git\maraton-framework-v3\prj\x64\debug\listener.obj
d:\git\maraton-framework-v3\prj\x64\debug\maraton.obj
d:\git\maraton-framework-v3\prj\x64\debug\operator.obj
d:\git\maraton-framework-v3\prj\x64\debug\session.obj
d:\git\maraton-framework-v3\prj\x64\debug\syncworker.obj
d:\git\maraton-framework-v3\prj\x64\debug\timer.obj
d:\git\maraton-framework-v3\prj\x64\debug\main.obj
d:\git\maraton-framework-v3\prj\x64\debug\maraton-framework-v3.ilk
d:\git\maraton-framework-v3\prj\x64\debug\maraton-framework-v3.pdb
d:\git\maraton-framework-v3\prj\x64\debug\maraton-framework-v3.exe
d:\git\maraton-framework-v3\prj\x64\debug\maraton-.5529b5dd.tlog\cl.command.1.tlog
d:\git\maraton-framework-v3\prj\x64\debug\maraton-.5529b5dd.tlog\cl.read.1.tlog
d:\git\maraton-framework-v3\prj\x64\debug\maraton-.5529b5dd.tlog\cl.write.1.tlog
d:\git\maraton-framework-v3\prj\x64\debug\maraton-.5529b5dd.tlog\link.command.1.tlog
d:\git\maraton-framework-v3\prj\x64\debug\maraton-.5529b5dd.tlog\link.read.1.tlog
d:\git\maraton-framework-v3\prj\x64\debug\maraton-.5529b5dd.tlog\link.write.1.tlog
